<?xml version="1.0" encoding="UTF-8"?>
<testsuite xmlns:xsi="http://www.w3.org/2001/XMLSchema-instance" xsi:noNamespaceSchemaLocation="https://maven.apache.org/surefire/maven-surefire-plugin/xsd/surefire-test-report-3.0.xsd" version="3.0" name="TestSuite" time="7.368" tests="12" errors="0" skipped="11" failures="1">
  <properties>
    <property name="sun.desktop" value="windows"/>
    <property name="awt.toolkit" value="sun.awt.windows.WToolkit"/>
    <property name="file.encoding.pkg" value="sun.io"/>
    <property name="java.specification.version" value="1.8"/>
    <property name="sun.cpu.isalist" value="amd64"/>
    <property name="sun.jnu.encoding" value="Cp1252"/>
    <property name="java.class.path" value="C:\Users\user\KongaWebTest\target\test-classes;C:\Users\user\KongaWebTest\target\classes;C:\Users\user\.m2\repository\javax\mail\mail\1.4.7\mail-1.4.7.jar;C:\Users\user\.m2\repository\javax\activation\activation\1.1\activation-1.1.jar;C:\Users\user\.m2\repository\org\testng\testng\7.0.0\testng-7.0.0.jar;C:\Users\user\.m2\repository\com\beust\jcommander\1.72\jcommander-1.72.jar;C:\Users\user\.m2\repository\org\seleniumhq\selenium\selenium-java\4.0.0-alpha-2\selenium-java-4.0.0-alpha-2.jar;C:\Users\user\.m2\repository\org\seleniumhq\selenium\selenium-chrome-driver\4.0.0-alpha-2\selenium-chrome-driver-4.0.0-alpha-2.jar;C:\Users\user\.m2\repository\org\seleniumhq\selenium\selenium-chromium-driver\4.0.0-alpha-2\selenium-chromium-driver-4.0.0-alpha-2.jar;C:\Users\user\.m2\repository\org\seleniumhq\selenium\selenium-edgehtml-driver\4.0.0-alpha-2\selenium-edgehtml-driver-4.0.0-alpha-2.jar;C:\Users\user\.m2\repository\org\seleniumhq\selenium\selenium-edge-driver\4.0.0-alpha-2\selenium-edge-driver-4.0.0-alpha-2.jar;C:\Users\user\.m2\repository\org\seleniumhq\selenium\selenium-firefox-xpi-driver\4.0.0-alpha-2\selenium-firefox-xpi-driver-4.0.0-alpha-2.jar;C:\Users\user\.m2\repository\org\seleniumhq\selenium\selenium-firefox-driver\4.0.0-alpha-2\selenium-firefox-driver-4.0.0-alpha-2.jar;C:\Users\user\.m2\repository\org\seleniumhq\selenium\selenium-ie-driver\4.0.0-alpha-2\selenium-ie-driver-4.0.0-alpha-2.jar;C:\Users\user\.m2\repository\org\seleniumhq\selenium\selenium-remote-driver\4.0.0-alpha-2\selenium-remote-driver-4.0.0-alpha-2.jar;C:\Users\user\.m2\repository\org\seleniumhq\selenium\selenium-api\4.0.0-alpha-2\selenium-api-4.0.0-alpha-2.jar;C:\Users\user\.m2\repository\net\bytebuddy\byte-buddy\1.9.12\byte-buddy-1.9.12.jar;C:\Users\user\.m2\repository\org\apache\commons\commons-exec\1.3\commons-exec-1.3.jar;C:\Users\user\.m2\repository\io\opentracing\contrib\opentracing-tracerresolver\0.1.7\opentracing-tracerresolver-0.1.7.jar;C:\Users\user\.m2\repository\io\opentracing\opentracing-api\0.33.0\opentracing-api-0.33.0.jar;C:\Users\user\.m2\repository\com\google\guava\guava\27.1-jre\guava-27.1-jre.jar;C:\Users\user\.m2\repository\com\google\guava\failureaccess\1.0.1\failureaccess-1.0.1.jar;C:\Users\user\.m2\repository\com\google\guava\listenablefuture\9999.0-empty-to-avoid-conflict-with-guava\listenablefuture-9999.0-empty-to-avoid-conflict-with-guava.jar;C:\Users\user\.m2\repository\com\google\code\findbugs\jsr305\3.0.2\jsr305-3.0.2.jar;C:\Users\user\.m2\repository\org\checkerframework\checker-qual\2.5.2\checker-qual-2.5.2.jar;C:\Users\user\.m2\repository\com\google\errorprone\error_prone_annotations\2.2.0\error_prone_annotations-2.2.0.jar;C:\Users\user\.m2\repository\com\google\j2objc\j2objc-annotations\1.1\j2objc-annotations-1.1.jar;C:\Users\user\.m2\repository\org\codehaus\mojo\animal-sniffer-annotations\1.17\animal-sniffer-annotations-1.17.jar;C:\Users\user\.m2\repository\com\squareup\okhttp3\okhttp\3.14.0\okhttp-3.14.0.jar;C:\Users\user\.m2\repository\com\squareup\okio\okio\1.17.2\okio-1.17.2.jar;C:\Users\user\.m2\repository\io\opentracing\opentracing-util\0.33.0\opentracing-util-0.33.0.jar;C:\Users\user\.m2\repository\io\opentracing\opentracing-noop\0.33.0\opentracing-noop-0.33.0.jar;C:\Users\user\.m2\repository\org\seleniumhq\selenium\selenium-opera-driver\4.0.0-alpha-2\selenium-opera-driver-4.0.0-alpha-2.jar;C:\Users\user\.m2\repository\org\seleniumhq\selenium\selenium-safari-driver\4.0.0-alpha-2\selenium-safari-driver-4.0.0-alpha-2.jar;C:\Users\user\.m2\repository\org\seleniumhq\selenium\selenium-support\4.0.0-alpha-2\selenium-support-4.0.0-alpha-2.jar;"/>
    <property name="java.vm.vendor" value="Oracle Corporation"/>
    <property name="sun.arch.data.model" value="64"/>
    <property name="user.variant" value=""/>
    <property name="java.vendor.url" value="http://java.oracle.com/"/>
    <property name="user.timezone" value="Africa/Luanda"/>
    <property name="java.vm.specification.version" value="1.8"/>
    <property name="os.name" value="Windows 10"/>
    <property name="user.country" value="US"/>
    <property name="sun.java.launcher" value="SUN_STANDARD"/>
    <property name="sun.boot.library.path" value="C:\Program Files\Java\jdk1.8.0_221\jre\bin"/>
    <property name="sun.java.command" value="C:\Users\user\AppData\Local\Temp\surefire6715755374875629347\surefirebooter4434256215397079767.jar C:\Users\user\AppData\Local\Temp\surefire6715755374875629347 2019-12-23T12-05-48_547-jvmRun1 surefire380897338421794386tmp surefire_05326816388119744787tmp"/>
    <property name="surefire.test.class.path" value="C:\Users\user\KongaWebTest\target\test-classes;C:\Users\user\KongaWebTest\target\classes;C:\Users\user\.m2\repository\javax\mail\mail\1.4.7\mail-1.4.7.jar;C:\Users\user\.m2\repository\javax\activation\activation\1.1\activation-1.1.jar;C:\Users\user\.m2\repository\org\testng\testng\7.0.0\testng-7.0.0.jar;C:\Users\user\.m2\repository\com\beust\jcommander\1.72\jcommander-1.72.jar;C:\Users\user\.m2\repository\org\seleniumhq\selenium\selenium-java\4.0.0-alpha-2\selenium-java-4.0.0-alpha-2.jar;C:\Users\user\.m2\repository\org\seleniumhq\selenium\selenium-chrome-driver\4.0.0-alpha-2\selenium-chrome-driver-4.0.0-alpha-2.jar;C:\Users\user\.m2\repository\org\seleniumhq\selenium\selenium-chromium-driver\4.0.0-alpha-2\selenium-chromium-driver-4.0.0-alpha-2.jar;C:\Users\user\.m2\repository\org\seleniumhq\selenium\selenium-edgehtml-driver\4.0.0-alpha-2\selenium-edgehtml-driver-4.0.0-alpha-2.jar;C:\Users\user\.m2\repository\org\seleniumhq\selenium\selenium-edge-driver\4.0.0-alpha-2\selenium-edge-driver-4.0.0-alpha-2.jar;C:\Users\user\.m2\repository\org\seleniumhq\selenium\selenium-firefox-xpi-driver\4.0.0-alpha-2\selenium-firefox-xpi-driver-4.0.0-alpha-2.jar;C:\Users\user\.m2\repository\org\seleniumhq\selenium\selenium-firefox-driver\4.0.0-alpha-2\selenium-firefox-driver-4.0.0-alpha-2.jar;C:\Users\user\.m2\repository\org\seleniumhq\selenium\selenium-ie-driver\4.0.0-alpha-2\selenium-ie-driver-4.0.0-alpha-2.jar;C:\Users\user\.m2\repository\org\seleniumhq\selenium\selenium-remote-driver\4.0.0-alpha-2\selenium-remote-driver-4.0.0-alpha-2.jar;C:\Users\user\.m2\repository\org\seleniumhq\selenium\selenium-api\4.0.0-alpha-2\selenium-api-4.0.0-alpha-2.jar;C:\Users\user\.m2\repository\net\bytebuddy\byte-buddy\1.9.12\byte-buddy-1.9.12.jar;C:\Users\user\.m2\repository\org\apache\commons\commons-exec\1.3\commons-exec-1.3.jar;C:\Users\user\.m2\repository\io\opentracing\contrib\opentracing-tracerresolver\0.1.7\opentracing-tracerresolver-0.1.7.jar;C:\Users\user\.m2\repository\io\opentracing\opentracing-api\0.33.0\opentracing-api-0.33.0.jar;C:\Users\user\.m2\repository\com\google\guava\guava\27.1-jre\guava-27.1-jre.jar;C:\Users\user\.m2\repository\com\google\guava\failureaccess\1.0.1\failureaccess-1.0.1.jar;C:\Users\user\.m2\repository\com\google\guava\listenablefuture\9999.0-empty-to-avoid-conflict-with-guava\listenablefuture-9999.0-empty-to-avoid-conflict-with-guava.jar;C:\Users\user\.m2\repository\com\google\code\findbugs\jsr305\3.0.2\jsr305-3.0.2.jar;C:\Users\user\.m2\repository\org\checkerframework\checker-qual\2.5.2\checker-qual-2.5.2.jar;C:\Users\user\.m2\repository\com\google\errorprone\error_prone_annotations\2.2.0\error_prone_annotations-2.2.0.jar;C:\Users\user\.m2\repository\com\google\j2objc\j2objc-annotations\1.1\j2objc-annotations-1.1.jar;C:\Users\user\.m2\repository\org\codehaus\mojo\animal-sniffer-annotations\1.17\animal-sniffer-annotations-1.17.jar;C:\Users\user\.m2\repository\com\squareup\okhttp3\okhttp\3.14.0\okhttp-3.14.0.jar;C:\Users\user\.m2\repository\com\squareup\okio\okio\1.17.2\okio-1.17.2.jar;C:\Users\user\.m2\repository\io\opentracing\opentracing-util\0.33.0\opentracing-util-0.33.0.jar;C:\Users\user\.m2\repository\io\opentracing\opentracing-noop\0.33.0\opentracing-noop-0.33.0.jar;C:\Users\user\.m2\repository\org\seleniumhq\selenium\selenium-opera-driver\4.0.0-alpha-2\selenium-opera-driver-4.0.0-alpha-2.jar;C:\Users\user\.m2\repository\org\seleniumhq\selenium\selenium-safari-driver\4.0.0-alpha-2\selenium-safari-driver-4.0.0-alpha-2.jar;C:\Users\user\.m2\repository\org\seleniumhq\selenium\selenium-support\4.0.0-alpha-2\selenium-support-4.0.0-alpha-2.jar;"/>
    <property name="sun.cpu.endian" value="little"/>
    <property name="user.home" value="C:\Users\user"/>
    <property name="user.language" value="en"/>
    <property name="java.specification.vendor" value="Oracle Corporation"/>
    <property name="java.home" value="C:\Program Files\Java\jdk1.8.0_221\jre"/>
    <property name="basedir" value="C:\Users\user\KongaWebTest"/>
    <property name="file.separator" value="\"/>
    <property name="line.separator" value="&#10;"/>
    <property name="java.vm.specification.vendor" value="Oracle Corporation"/>
    <property name="java.specification.name" value="Java Platform API Specification"/>
    <property name="java.awt.graphicsenv" value="sun.awt.Win32GraphicsEnvironment"/>
    <property name="surefire.real.class.path" value="C:\Users\user\AppData\Local\Temp\surefire6715755374875629347\surefirebooter4434256215397079767.jar"/>
    <property name="sun.boot.class.path" value="C:\Program Files\Java\jdk1.8.0_221\jre\lib\resources.jar;C:\Program Files\Java\jdk1.8.0_221\jre\lib\rt.jar;C:\Program Files\Java\jdk1.8.0_221\jre\lib\sunrsasign.jar;C:\Program Files\Java\jdk1.8.0_221\jre\lib\jsse.jar;C:\Program Files\Java\jdk1.8.0_221\jre\lib\jce.jar;C:\Program Files\Java\jdk1.8.0_221\jre\lib\charsets.jar;C:\Program Files\Java\jdk1.8.0_221\jre\lib\jfr.jar;C:\Program Files\Java\jdk1.8.0_221\jre\classes"/>
    <property name="user.script" value=""/>
    <property name="sun.management.compiler" value="HotSpot 64-Bit Tiered Compilers"/>
    <property name="java.runtime.version" value="1.8.0_221-b11"/>
    <property name="user.name" value="user"/>
    <property name="path.separator" value=";"/>
    <property name="os.version" value="10.0"/>
    <property name="java.endorsed.dirs" value="C:\Program Files\Java\jdk1.8.0_221\jre\lib\endorsed"/>
    <property name="java.runtime.name" value="Java(TM) SE Runtime Environment"/>
    <property name="file.encoding" value="Cp1252"/>
    <property name="java.vm.name" value="Java HotSpot(TM) 64-Bit Server VM"/>
    <property name="localRepository" value="C:\Users\user\.m2\repository"/>
    <property name="java.vendor.url.bug" value="http://bugreport.sun.com/bugreport/"/>
    <property name="java.io.tmpdir" value="C:\Users\user\AppData\Local\Temp\"/>
    <property name="java.version" value="1.8.0_221"/>
    <property name="user.dir" value="C:\Users\user\KongaWebTest"/>
    <property name="os.arch" value="amd64"/>
    <property name="java.vm.specification.name" value="Java Virtual Machine Specification"/>
    <property name="java.awt.printerjob" value="sun.awt.windows.WPrinterJob"/>
    <property name="sun.os.patch.level" value=""/>
    <property name="java.library.path" value="C:\Program Files\Java\jdk1.8.0_221\jre\bin;C:\WINDOWS\Sun\Java\bin;C:\WINDOWS\system32;C:\WINDOWS;C:\Program Files\apache-maven-3.6.2\bin;C:\Program Files (x86)\Common Files\Oracle\Java\javapath;C:\Perl64\site\bin;C:\Perl64\bin;C:\WINDOWS\system32;C:\WINDOWS;C:\WINDOWS\System32\Wbem;C:\WINDOWS\System32\WindowsPowerShell\v1.0\;C:\WINDOWS\System32\OpenSSH\;C:\Users\user\AppData\Local\Microsoft\WindowsApps;C:\Users\user\AppData\Local\Programs\Fiddler;C:\Program Files\Java\jdk1.8.0_221\bin;C:\Users\user\AppData\Local\GitHubDesktop\bin;C:\Users\user\AppData\Local\Microsoft\WindowsApps;;."/>
    <property name="java.vm.info" value="mixed mode"/>
    <property name="java.vendor" value="Oracle Corporation"/>
    <property name="java.vm.version" value="25.221-b11"/>
    <property name="java.ext.dirs" value="C:\Program Files\Java\jdk1.8.0_221\jre\lib\ext;C:\WINDOWS\Sun\Java\lib\ext"/>
    <property name="sun.io.unicode.encoding" value="UnicodeLittle"/>
    <property name="java.class.version" value="52.0"/>
  </properties>
  <testcase name="setUp" classname="com.konga.test.CheckOut" time="6.897">
    <failure message="session not created: This version of ChromeDriver only supports Chrome version 77&#10;Build info: version: &apos;4.0.0-alpha-2&apos;, revision: &apos;f148142cf8&apos;, time: &apos;2019-07-01T20:55:26&apos;&#10;System info: host: &apos;DESKTOP-9KI2P94&apos;, ip: &apos;172.28.10.17&apos;, os.name: &apos;Windows 10&apos;, os.arch: &apos;amd64&apos;, os.version: &apos;10.0&apos;, java.version: &apos;1.8.0_221&apos;&#10;Driver info: driver.version: ChromeDriver&#10;remote stacktrace: Backtrace:&#10;	Ordinal0 [0x00F9EB13+1501971]&#10;	Ordinal0 [0x00F1F6D1+980689]&#10;	Ordinal0 [0x00EA765F+489055]&#10;	Ordinal0 [0x00E3F2F4+62196]&#10;	Ordinal0 [0x00E3BCDA+48346]&#10;	Ordinal0 [0x00E59800+169984]&#10;	Ordinal0 [0x00E5942D+169005]&#10;	Ordinal0 [0x00E578EB+162027]&#10;	Ordinal0 [0x00E40AC7+68295]&#10;	Ordinal0 [0x00E41B40+72512]&#10;	Ordinal0 [0x00E41AD9+72409]&#10;	Ordinal0 [0x00F38F37+1085239]&#10;	GetHandleVerifier [0x0103D7ED+503293]&#10;	GetHandleVerifier [0x0103D580+502672]&#10;	GetHandleVerifier [0x010446AC+531644]&#10;	GetHandleVerifier [0x0103DFFA+505354]&#10;	Ordinal0 [0x00F30606+1050118]&#10;	Ordinal0 [0x00F3047F+1049727]&#10;	Ordinal0 [0x00F3AF9B+1093531]&#10;	Ordinal0 [0x00F3B103+1093891]&#10;	Ordinal0 [0x00F3A095+1089685]&#10;	BaseThreadInitThunk [0x75AF6359+25]&#10;	RtlGetAppContainerNamedObjectPath [0x77627B74+228]&#10;	RtlGetAppContainerNamedObjectPath [0x77627B44+180]&#10;" type="org.openqa.selenium.SessionNotCreatedException">org.openqa.selenium.SessionNotCreatedException: 
session not created: This version of ChromeDriver only supports Chrome version 77
Build info: version: '4.0.0-alpha-2', revision: 'f148142cf8', time: '2019-07-01T20:55:26'
System info: host: 'DESKTOP-9KI2P94', ip: '172.28.10.17', os.name: 'Windows 10', os.arch: 'amd64', os.version: '10.0', java.version: '1.8.0_221'
Driver info: driver.version: ChromeDriver
remote stacktrace: Backtrace:
	Ordinal0 [0x00F9EB13+1501971]
	Ordinal0 [0x00F1F6D1+980689]
	Ordinal0 [0x00EA765F+489055]
	Ordinal0 [0x00E3F2F4+62196]
	Ordinal0 [0x00E3BCDA+48346]
	Ordinal0 [0x00E59800+169984]
	Ordinal0 [0x00E5942D+169005]
	Ordinal0 [0x00E578EB+162027]
	Ordinal0 [0x00E40AC7+68295]
	Ordinal0 [0x00E41B40+72512]
	Ordinal0 [0x00E41AD9+72409]
	Ordinal0 [0x00F38F37+1085239]
	GetHandleVerifier [0x0103D7ED+503293]
	GetHandleVerifier [0x0103D580+502672]
	GetHandleVerifier [0x010446AC+531644]
	GetHandleVerifier [0x0103DFFA+505354]
	Ordinal0 [0x00F30606+1050118]
	Ordinal0 [0x00F3047F+1049727]
	Ordinal0 [0x00F3AF9B+1093531]
	Ordinal0 [0x00F3B103+1093891]
	Ordinal0 [0x00F3A095+1089685]
	BaseThreadInitThunk [0x75AF6359+25]
	RtlGetAppContainerNamedObjectPath [0x77627B74+228]
	RtlGetAppContainerNamedObjectPath [0x77627B44+180]

	at com.konga.test.CheckOut.setUp(CheckOut.java:21)
</failure>
    <system-err><![CDATA[Starting ChromeDriver 77.0.3865.40 (f484704e052e0b556f8030b65b953dce96503217-refs/branch-heads/3865@{#442}) on port 48099
Only local connections are allowed.
Please protect ports used by ChromeDriver and related test frameworks to prevent access by malicious code.
]]></system-err>
  </testcase>
  <testcase name="setUp" classname="com.konga.test.SearchTest" time="0">
    <skipped/>
  </testcase>
  <testcase name="setUpClass" classname="com.konga.test.CheckOut" time="0">
    <skipped/>
  </testcase>
  <testcase name="checkout" classname="com.konga.test.CheckOut" time="0">
    <skipped message="session not created: This version of ChromeDriver only supports Chrome version 77&#10;Build info: version: &apos;4.0.0-alpha-2&apos;, revision: &apos;f148142cf8&apos;, time: &apos;2019-07-01T20:55:26&apos;&#10;System info: host: &apos;DESKTOP-9KI2P94&apos;, ip: &apos;172.28.10.17&apos;, os.name: &apos;Windows 10&apos;, os.arch: &apos;amd64&apos;, os.version: &apos;10.0&apos;, java.version: &apos;1.8.0_221&apos;&#10;Driver info: driver.version: ChromeDriver&#10;remote stacktrace: Backtrace:&#10;	Ordinal0 [0x00F9EB13+1501971]&#10;	Ordinal0 [0x00F1F6D1+980689]&#10;	Ordinal0 [0x00EA765F+489055]&#10;	Ordinal0 [0x00E3F2F4+62196]&#10;	Ordinal0 [0x00E3BCDA+48346]&#10;	Ordinal0 [0x00E59800+169984]&#10;	Ordinal0 [0x00E5942D+169005]&#10;	Ordinal0 [0x00E578EB+162027]&#10;	Ordinal0 [0x00E40AC7+68295]&#10;	Ordinal0 [0x00E41B40+72512]&#10;	Ordinal0 [0x00E41AD9+72409]&#10;	Ordinal0 [0x00F38F37+1085239]&#10;	GetHandleVerifier [0x0103D7ED+503293]&#10;	GetHandleVerifier [0x0103D580+502672]&#10;	GetHandleVerifier [0x010446AC+531644]&#10;	GetHandleVerifier [0x0103DFFA+505354]&#10;	Ordinal0 [0x00F30606+1050118]&#10;	Ordinal0 [0x00F3047F+1049727]&#10;	Ordinal0 [0x00F3AF9B+1093531]&#10;	Ordinal0 [0x00F3B103+1093891]&#10;	Ordinal0 [0x00F3A095+1089685]&#10;	BaseThreadInitThunk [0x75AF6359+25]&#10;	RtlGetAppContainerNamedObjectPath [0x77627B74+228]&#10;	RtlGetAppContainerNamedObjectPath [0x77627B44+180]&#10;"/>
  </testcase>
  <testcase name="tearDownClass" classname="com.konga.test.CheckOut" time="0">
    <skipped/>
  </testcase>
  <testcase name="setup" classname="com.konga.test.LoginViaEmail" time="0">
    <skipped/>
  </testcase>
  <testcase name="IncorrectEmail" classname="com.konga.test.LoginViaEmail" time="0">
    <skipped message="session not created: This version of ChromeDriver only supports Chrome version 77&#10;Build info: version: &apos;4.0.0-alpha-2&apos;, revision: &apos;f148142cf8&apos;, time: &apos;2019-07-01T20:55:26&apos;&#10;System info: host: &apos;DESKTOP-9KI2P94&apos;, ip: &apos;172.28.10.17&apos;, os.name: &apos;Windows 10&apos;, os.arch: &apos;amd64&apos;, os.version: &apos;10.0&apos;, java.version: &apos;1.8.0_221&apos;&#10;Driver info: driver.version: ChromeDriver&#10;remote stacktrace: Backtrace:&#10;	Ordinal0 [0x00F9EB13+1501971]&#10;	Ordinal0 [0x00F1F6D1+980689]&#10;	Ordinal0 [0x00EA765F+489055]&#10;	Ordinal0 [0x00E3F2F4+62196]&#10;	Ordinal0 [0x00E3BCDA+48346]&#10;	Ordinal0 [0x00E59800+169984]&#10;	Ordinal0 [0x00E5942D+169005]&#10;	Ordinal0 [0x00E578EB+162027]&#10;	Ordinal0 [0x00E40AC7+68295]&#10;	Ordinal0 [0x00E41B40+72512]&#10;	Ordinal0 [0x00E41AD9+72409]&#10;	Ordinal0 [0x00F38F37+1085239]&#10;	GetHandleVerifier [0x0103D7ED+503293]&#10;	GetHandleVerifier [0x0103D580+502672]&#10;	GetHandleVerifier [0x010446AC+531644]&#10;	GetHandleVerifier [0x0103DFFA+505354]&#10;	Ordinal0 [0x00F30606+1050118]&#10;	Ordinal0 [0x00F3047F+1049727]&#10;	Ordinal0 [0x00F3AF9B+1093531]&#10;	Ordinal0 [0x00F3B103+1093891]&#10;	Ordinal0 [0x00F3A095+1089685]&#10;	BaseThreadInitThunk [0x75AF6359+25]&#10;	RtlGetAppContainerNamedObjectPath [0x77627B74+228]&#10;	RtlGetAppContainerNamedObjectPath [0x77627B44+180]&#10;"/>
  </testcase>
  <testcase name="login" classname="com.konga.test.LoginViaEmail" time="0">
    <skipped message="session not created: This version of ChromeDriver only supports Chrome version 77&#10;Build info: version: &apos;4.0.0-alpha-2&apos;, revision: &apos;f148142cf8&apos;, time: &apos;2019-07-01T20:55:26&apos;&#10;System info: host: &apos;DESKTOP-9KI2P94&apos;, ip: &apos;172.28.10.17&apos;, os.name: &apos;Windows 10&apos;, os.arch: &apos;amd64&apos;, os.version: &apos;10.0&apos;, java.version: &apos;1.8.0_221&apos;&#10;Driver info: driver.version: ChromeDriver&#10;remote stacktrace: Backtrace:&#10;	Ordinal0 [0x00F9EB13+1501971]&#10;	Ordinal0 [0x00F1F6D1+980689]&#10;	Ordinal0 [0x00EA765F+489055]&#10;	Ordinal0 [0x00E3F2F4+62196]&#10;	Ordinal0 [0x00E3BCDA+48346]&#10;	Ordinal0 [0x00E59800+169984]&#10;	Ordinal0 [0x00E5942D+169005]&#10;	Ordinal0 [0x00E578EB+162027]&#10;	Ordinal0 [0x00E40AC7+68295]&#10;	Ordinal0 [0x00E41B40+72512]&#10;	Ordinal0 [0x00E41AD9+72409]&#10;	Ordinal0 [0x00F38F37+1085239]&#10;	GetHandleVerifier [0x0103D7ED+503293]&#10;	GetHandleVerifier [0x0103D580+502672]&#10;	GetHandleVerifier [0x010446AC+531644]&#10;	GetHandleVerifier [0x0103DFFA+505354]&#10;	Ordinal0 [0x00F30606+1050118]&#10;	Ordinal0 [0x00F3047F+1049727]&#10;	Ordinal0 [0x00F3AF9B+1093531]&#10;	Ordinal0 [0x00F3B103+1093891]&#10;	Ordinal0 [0x00F3A095+1089685]&#10;	BaseThreadInitThunk [0x75AF6359+25]&#10;	RtlGetAppContainerNamedObjectPath [0x77627B74+228]&#10;	RtlGetAppContainerNamedObjectPath [0x77627B44+180]&#10;"/>
  </testcase>
  <testcase name="tearDown" classname="com.konga.test.LoginViaEmail" time="0">
    <skipped/>
  </testcase>
  <testcase name="search" classname="com.konga.test.SearchTest" time="0">
    <skipped message="session not created: This version of ChromeDriver only supports Chrome version 77&#10;Build info: version: &apos;4.0.0-alpha-2&apos;, revision: &apos;f148142cf8&apos;, time: &apos;2019-07-01T20:55:26&apos;&#10;System info: host: &apos;DESKTOP-9KI2P94&apos;, ip: &apos;172.28.10.17&apos;, os.name: &apos;Windows 10&apos;, os.arch: &apos;amd64&apos;, os.version: &apos;10.0&apos;, java.version: &apos;1.8.0_221&apos;&#10;Driver info: driver.version: ChromeDriver&#10;remote stacktrace: Backtrace:&#10;	Ordinal0 [0x00F9EB13+1501971]&#10;	Ordinal0 [0x00F1F6D1+980689]&#10;	Ordinal0 [0x00EA765F+489055]&#10;	Ordinal0 [0x00E3F2F4+62196]&#10;	Ordinal0 [0x00E3BCDA+48346]&#10;	Ordinal0 [0x00E59800+169984]&#10;	Ordinal0 [0x00E5942D+169005]&#10;	Ordinal0 [0x00E578EB+162027]&#10;	Ordinal0 [0x00E40AC7+68295]&#10;	Ordinal0 [0x00E41B40+72512]&#10;	Ordinal0 [0x00E41AD9+72409]&#10;	Ordinal0 [0x00F38F37+1085239]&#10;	GetHandleVerifier [0x0103D7ED+503293]&#10;	GetHandleVerifier [0x0103D580+502672]&#10;	GetHandleVerifier [0x010446AC+531644]&#10;	GetHandleVerifier [0x0103DFFA+505354]&#10;	Ordinal0 [0x00F30606+1050118]&#10;	Ordinal0 [0x00F3047F+1049727]&#10;	Ordinal0 [0x00F3AF9B+1093531]&#10;	Ordinal0 [0x00F3B103+1093891]&#10;	Ordinal0 [0x00F3A095+1089685]&#10;	BaseThreadInitThunk [0x75AF6359+25]&#10;	RtlGetAppContainerNamedObjectPath [0x77627B74+228]&#10;	RtlGetAppContainerNamedObjectPath [0x77627B44+180]&#10;"/>
  </testcase>
  <testcase name="tearDown" classname="com.konga.test.CheckOut" time="0">
    <skipped/>
  </testcase>
  <testcase name="tearDown" classname="com.konga.test.SearchTest" time="0">
    <skipped/>
  </testcase>
</testsuite>