<?xml version="1.0" encoding="UTF-8"?>
<testng-results skipped="4" failed="0" ignored="0" total="4" passed="0">
  <reporter-output>
  </reporter-output>
  <suite name="KTest" duration-ms="6150" started-at="2019-12-23T12:05:51 WAT" finished-at="2019-12-23T12:05:57 WAT">
    <groups>
    </groups>
    <test name="Login Test" duration-ms="6150" started-at="2019-12-23T12:05:51 WAT" finished-at="2019-12-23T12:05:57 WAT">
      <class name="com.konga.test.SearchTest">
        <test-method status="SKIP" signature="setUp()[pri:0, instance:com.konga.test.SearchTest@59ec2012]" name="setUp" is-config="true" duration-ms="-1577099157107" started-at="2019-12-23T12:05:57 WAT" finished-at="1970-01-01T01:00:00 WAT">
          <reporter-output>
          </reporter-output>
        </test-method> <!-- setUp -->
        <test-method status="SKIP" signature="search()[pri:0, instance:com.konga.test.SearchTest@59ec2012]" name="search" duration-ms="0" started-at="2019-12-23T12:05:57 WAT" finished-at="2019-12-23T12:05:57 WAT">
          <exception class="org.openqa.selenium.SessionNotCreatedException">
            <message>
              <![CDATA[session not created: This version of ChromeDriver only supports Chrome version 77
Build info: version: '4.0.0-alpha-2', revision: 'f148142cf8', time: '2019-07-01T20:55:26'
System info: host: 'DESKTOP-9KI2P94', ip: '172.28.10.17', os.name: 'Windows 10', os.arch: 'amd64', os.version: '10.0', java.version: '1.8.0_221'
Driver info: driver.version: ChromeDriver
remote stacktrace: Backtrace:
Ordinal0 [0x00F9EB13+1501971]
Ordinal0 [0x00F1F6D1+980689]
Ordinal0 [0x00EA765F+489055]
Ordinal0 [0x00E3F2F4+62196]
Ordinal0 [0x00E3BCDA+48346]
Ordinal0 [0x00E59800+169984]
Ordinal0 [0x00E5942D+169005]
Ordinal0 [0x00E578EB+162027]
Ordinal0 [0x00E40AC7+68295]
Ordinal0 [0x00E41B40+72512]
Ordinal0 [0x00E41AD9+72409]
Ordinal0 [0x00F38F37+1085239]
GetHandleVerifier [0x0103D7ED+503293]
GetHandleVerifier [0x0103D580+502672]
GetHandleVerifier [0x010446AC+531644]
GetHandleVerifier [0x0103DFFA+505354]
Ordinal0 [0x00F30606+1050118]
Ordinal0 [0x00F3047F+1049727]
Ordinal0 [0x00F3AF9B+1093531]
Ordinal0 [0x00F3B103+1093891]
Ordinal0 [0x00F3A095+1089685]
BaseThreadInitThunk [0x75AF6359+25]
RtlGetAppContainerNamedObjectPath [0x77627B74+228]
RtlGetAppContainerNamedObjectPath [0x77627B44+180]
]]>
            </message>
            <full-stacktrace>
              <![CDATA[org.openqa.selenium.SessionNotCreatedException: session not created: This version of ChromeDriver only supports Chrome version 77
Build info: version: '4.0.0-alpha-2', revision: 'f148142cf8', time: '2019-07-01T20:55:26'
System info: host: 'DESKTOP-9KI2P94', ip: '172.28.10.17', os.name: 'Windows 10', os.arch: 'amd64', os.version: '10.0', java.version: '1.8.0_221'
Driver info: driver.version: ChromeDriver
remote stacktrace: Backtrace:
Ordinal0 [0x00F9EB13+1501971]
Ordinal0 [0x00F1F6D1+980689]
Ordinal0 [0x00EA765F+489055]
Ordinal0 [0x00E3F2F4+62196]
Ordinal0 [0x00E3BCDA+48346]
Ordinal0 [0x00E59800+169984]
Ordinal0 [0x00E5942D+169005]
Ordinal0 [0x00E578EB+162027]
Ordinal0 [0x00E40AC7+68295]
Ordinal0 [0x00E41B40+72512]
Ordinal0 [0x00E41AD9+72409]
Ordinal0 [0x00F38F37+1085239]
GetHandleVerifier [0x0103D7ED+503293]
GetHandleVerifier [0x0103D580+502672]
GetHandleVerifier [0x010446AC+531644]
GetHandleVerifier [0x0103DFFA+505354]
Ordinal0 [0x00F30606+1050118]
Ordinal0 [0x00F3047F+1049727]
Ordinal0 [0x00F3AF9B+1093531]
Ordinal0 [0x00F3B103+1093891]
Ordinal0 [0x00F3A095+1089685]
BaseThreadInitThunk [0x75AF6359+25]
RtlGetAppContainerNamedObjectPath [0x77627B74+228]
RtlGetAppContainerNamedObjectPath [0x77627B44+180]

at sun.reflect.NativeConstructorAccessorImpl.newInstance0(Native Method)
at sun.reflect.NativeConstructorAccessorImpl.newInstance(NativeConstructorAccessorImpl.java:62)
at sun.reflect.DelegatingConstructorAccessorImpl.newInstance(DelegatingConstructorAccessorImpl.java:45)
at java.lang.reflect.Constructor.newInstance(Constructor.java:423)
at org.openqa.selenium.remote.W3CHandshakeResponse.lambda$errorHandler$0(W3CHandshakeResponse.java:62)
at org.openqa.selenium.remote.HandshakeResponse.lambda$getResponseFunction$0(HandshakeResponse.java:30)
at org.openqa.selenium.remote.ProtocolHandshake.lambda$createSession$1(ProtocolHandshake.java:127)
at java.util.stream.ReferencePipeline$3$1.accept(ReferencePipeline.java:193)
at java.util.Spliterators$ArraySpliterator.tryAdvance(Spliterators.java:958)
at java.util.stream.ReferencePipeline.forEachWithCancel(ReferencePipeline.java:126)
at java.util.stream.AbstractPipeline.copyIntoWithCancel(AbstractPipeline.java:499)
at java.util.stream.AbstractPipeline.copyInto(AbstractPipeline.java:486)
at java.util.stream.AbstractPipeline.wrapAndCopyInto(AbstractPipeline.java:472)
at java.util.stream.FindOps$FindOp.evaluateSequential(FindOps.java:152)
at java.util.stream.AbstractPipeline.evaluate(AbstractPipeline.java:234)
at java.util.stream.ReferencePipeline.findFirst(ReferencePipeline.java:464)
at org.openqa.selenium.remote.ProtocolHandshake.createSession(ProtocolHandshake.java:129)
at org.openqa.selenium.remote.ProtocolHandshake.createSession(ProtocolHandshake.java:75)
at org.openqa.selenium.remote.HttpCommandExecutor.execute(HttpCommandExecutor.java:139)
at org.openqa.selenium.remote.service.DriverCommandExecutor.execute(DriverCommandExecutor.java:83)
at org.openqa.selenium.remote.RemoteWebDriver.execute(RemoteWebDriver.java:576)
at org.openqa.selenium.remote.RemoteWebDriver.startSession(RemoteWebDriver.java:210)
at org.openqa.selenium.remote.RemoteWebDriver.<init>(RemoteWebDriver.java:130)
at org.openqa.selenium.chromium.ChromiumDriver.<init>(ChromiumDriver.java:73)
at org.openqa.selenium.chrome.ChromeDriver.<init>(ChromeDriver.java:163)
at org.openqa.selenium.chrome.ChromeDriver.<init>(ChromeDriver.java:150)
at org.openqa.selenium.chrome.ChromeDriver.<init>(ChromeDriver.java:105)
at com.konga.test.TestBase.BaseTest.setUp(BaseTest.java:16)
at com.konga.test.CheckOut.setUp(CheckOut.java:21)
at sun.reflect.NativeMethodAccessorImpl.invoke0(Native Method)
at sun.reflect.NativeMethodAccessorImpl.invoke(NativeMethodAccessorImpl.java:62)
at sun.reflect.DelegatingMethodAccessorImpl.invoke(DelegatingMethodAccessorImpl.java:43)
at java.lang.reflect.Method.invoke(Method.java:498)
at org.testng.internal.MethodInvocationHelper.invokeMethod(MethodInvocationHelper.java:133)
at org.testng.internal.MethodInvocationHelper.invokeMethodConsideringTimeout(MethodInvocationHelper.java:62)
at org.testng.internal.ConfigInvoker.invokeConfigurationMethod(ConfigInvoker.java:340)
at org.testng.internal.ConfigInvoker.invokeConfigurations(ConfigInvoker.java:294)
at org.testng.TestRunner.invokeTestConfigurations(TestRunner.java:623)
at org.testng.TestRunner.beforeRun(TestRunner.java:613)
at org.testng.TestRunner.run(TestRunner.java:584)
at org.testng.SuiteRunner.runTest(SuiteRunner.java:402)
at org.testng.SuiteRunner.runSequentially(SuiteRunner.java:396)
at org.testng.SuiteRunner.privateRun(SuiteRunner.java:355)
at org.testng.SuiteRunner.run(SuiteRunner.java:304)
at org.testng.SuiteRunnerWorker.runSuite(SuiteRunnerWorker.java:53)
at org.testng.SuiteRunnerWorker.run(SuiteRunnerWorker.java:96)
at org.testng.TestNG.runSuitesSequentially(TestNG.java:1180)
at org.testng.TestNG.runSuitesLocally(TestNG.java:1102)
at org.testng.TestNG.runSuites(TestNG.java:1032)
at org.testng.TestNG.run(TestNG.java:1000)
at org.apache.maven.surefire.testng.TestNGExecutor.run(TestNGExecutor.java:283)
at org.apache.maven.surefire.testng.TestNGXmlTestSuite.execute(TestNGXmlTestSuite.java:75)
at org.apache.maven.surefire.testng.TestNGProvider.invoke(TestNGProvider.java:120)
at org.apache.maven.surefire.booter.ForkedBooter.invokeProviderInSameClassLoader(ForkedBooter.java:384)
at org.apache.maven.surefire.booter.ForkedBooter.runSuitesInProcess(ForkedBooter.java:345)
at org.apache.maven.surefire.booter.ForkedBooter.execute(ForkedBooter.java:126)
at org.apache.maven.surefire.booter.ForkedBooter.main(ForkedBooter.java:418)
]]>
            </full-stacktrace>
          </exception> <!-- org.openqa.selenium.SessionNotCreatedException -->
          <reporter-output>
          </reporter-output>
        </test-method> <!-- search -->
        <test-method status="SKIP" signature="tearDown()[pri:0, instance:com.konga.test.SearchTest@59ec2012]" name="tearDown" is-config="true" duration-ms="-1577099157192" started-at="2019-12-23T12:05:57 WAT" finished-at="1970-01-01T01:00:00 WAT">
          <reporter-output>
          </reporter-output>
        </test-method> <!-- tearDown -->
      </class> <!-- com.konga.test.SearchTest -->
      <class name="com.konga.test.LoginViaEmail">
        <test-method status="SKIP" signature="setup()[pri:0, instance:com.konga.test.LoginViaEmail@4cf777e8]" name="setup" is-config="true" duration-ms="-1577099157182" started-at="2019-12-23T12:05:57 WAT" finished-at="1970-01-01T01:00:00 WAT">
          <reporter-output>
          </reporter-output>
        </test-method> <!-- setup -->
        <test-method status="SKIP" signature="IncorrectEmail()[pri:0, instance:com.konga.test.LoginViaEmail@4cf777e8]" name="IncorrectEmail" duration-ms="0" started-at="2019-12-23T12:05:57 WAT" finished-at="2019-12-23T12:05:57 WAT">
          <exception class="org.openqa.selenium.SessionNotCreatedException">
            <message>
              <![CDATA[session not created: This version of ChromeDriver only supports Chrome version 77
Build info: version: '4.0.0-alpha-2', revision: 'f148142cf8', time: '2019-07-01T20:55:26'
System info: host: 'DESKTOP-9KI2P94', ip: '172.28.10.17', os.name: 'Windows 10', os.arch: 'amd64', os.version: '10.0', java.version: '1.8.0_221'
Driver info: driver.version: ChromeDriver
remote stacktrace: Backtrace:
Ordinal0 [0x00F9EB13+1501971]
Ordinal0 [0x00F1F6D1+980689]
Ordinal0 [0x00EA765F+489055]
Ordinal0 [0x00E3F2F4+62196]
Ordinal0 [0x00E3BCDA+48346]
Ordinal0 [0x00E59800+169984]
Ordinal0 [0x00E5942D+169005]
Ordinal0 [0x00E578EB+162027]
Ordinal0 [0x00E40AC7+68295]
Ordinal0 [0x00E41B40+72512]
Ordinal0 [0x00E41AD9+72409]
Ordinal0 [0x00F38F37+1085239]
GetHandleVerifier [0x0103D7ED+503293]
GetHandleVerifier [0x0103D580+502672]
GetHandleVerifier [0x010446AC+531644]
GetHandleVerifier [0x0103DFFA+505354]
Ordinal0 [0x00F30606+1050118]
Ordinal0 [0x00F3047F+1049727]
Ordinal0 [0x00F3AF9B+1093531]
Ordinal0 [0x00F3B103+1093891]
Ordinal0 [0x00F3A095+1089685]
BaseThreadInitThunk [0x75AF6359+25]
RtlGetAppContainerNamedObjectPath [0x77627B74+228]
RtlGetAppContainerNamedObjectPath [0x77627B44+180]
]]>
            </message>
            <full-stacktrace>
              <![CDATA[org.openqa.selenium.SessionNotCreatedException: session not created: This version of ChromeDriver only supports Chrome version 77
Build info: version: '4.0.0-alpha-2', revision: 'f148142cf8', time: '2019-07-01T20:55:26'
System info: host: 'DESKTOP-9KI2P94', ip: '172.28.10.17', os.name: 'Windows 10', os.arch: 'amd64', os.version: '10.0', java.version: '1.8.0_221'
Driver info: driver.version: ChromeDriver
remote stacktrace: Backtrace:
Ordinal0 [0x00F9EB13+1501971]
Ordinal0 [0x00F1F6D1+980689]
Ordinal0 [0x00EA765F+489055]
Ordinal0 [0x00E3F2F4+62196]
Ordinal0 [0x00E3BCDA+48346]
Ordinal0 [0x00E59800+169984]
Ordinal0 [0x00E5942D+169005]
Ordinal0 [0x00E578EB+162027]
Ordinal0 [0x00E40AC7+68295]
Ordinal0 [0x00E41B40+72512]
Ordinal0 [0x00E41AD9+72409]
Ordinal0 [0x00F38F37+1085239]
GetHandleVerifier [0x0103D7ED+503293]
GetHandleVerifier [0x0103D580+502672]
GetHandleVerifier [0x010446AC+531644]
GetHandleVerifier [0x0103DFFA+505354]
Ordinal0 [0x00F30606+1050118]
Ordinal0 [0x00F3047F+1049727]
Ordinal0 [0x00F3AF9B+1093531]
Ordinal0 [0x00F3B103+1093891]
Ordinal0 [0x00F3A095+1089685]
BaseThreadInitThunk [0x75AF6359+25]
RtlGetAppContainerNamedObjectPath [0x77627B74+228]
RtlGetAppContainerNamedObjectPath [0x77627B44+180]

at sun.reflect.NativeConstructorAccessorImpl.newInstance0(Native Method)
at sun.reflect.NativeConstructorAccessorImpl.newInstance(NativeConstructorAccessorImpl.java:62)
at sun.reflect.DelegatingConstructorAccessorImpl.newInstance(DelegatingConstructorAccessorImpl.java:45)
at java.lang.reflect.Constructor.newInstance(Constructor.java:423)
at org.openqa.selenium.remote.W3CHandshakeResponse.lambda$errorHandler$0(W3CHandshakeResponse.java:62)
at org.openqa.selenium.remote.HandshakeResponse.lambda$getResponseFunction$0(HandshakeResponse.java:30)
at org.openqa.selenium.remote.ProtocolHandshake.lambda$createSession$1(ProtocolHandshake.java:127)
at java.util.stream.ReferencePipeline$3$1.accept(ReferencePipeline.java:193)
at java.util.Spliterators$ArraySpliterator.tryAdvance(Spliterators.java:958)
at java.util.stream.ReferencePipeline.forEachWithCancel(ReferencePipeline.java:126)
at java.util.stream.AbstractPipeline.copyIntoWithCancel(AbstractPipeline.java:499)
at java.util.stream.AbstractPipeline.copyInto(AbstractPipeline.java:486)
at java.util.stream.AbstractPipeline.wrapAndCopyInto(AbstractPipeline.java:472)
at java.util.stream.FindOps$FindOp.evaluateSequential(FindOps.java:152)
at java.util.stream.AbstractPipeline.evaluate(AbstractPipeline.java:234)
at java.util.stream.ReferencePipeline.findFirst(ReferencePipeline.java:464)
at org.openqa.selenium.remote.ProtocolHandshake.createSession(ProtocolHandshake.java:129)
at org.openqa.selenium.remote.ProtocolHandshake.createSession(ProtocolHandshake.java:75)
at org.openqa.selenium.remote.HttpCommandExecutor.execute(HttpCommandExecutor.java:139)
at org.openqa.selenium.remote.service.DriverCommandExecutor.execute(DriverCommandExecutor.java:83)
at org.openqa.selenium.remote.RemoteWebDriver.execute(RemoteWebDriver.java:576)
at org.openqa.selenium.remote.RemoteWebDriver.startSession(RemoteWebDriver.java:210)
at org.openqa.selenium.remote.RemoteWebDriver.<init>(RemoteWebDriver.java:130)
at org.openqa.selenium.chromium.ChromiumDriver.<init>(ChromiumDriver.java:73)
at org.openqa.selenium.chrome.ChromeDriver.<init>(ChromeDriver.java:163)
at org.openqa.selenium.chrome.ChromeDriver.<init>(ChromeDriver.java:150)
at org.openqa.selenium.chrome.ChromeDriver.<init>(ChromeDriver.java:105)
at com.konga.test.TestBase.BaseTest.setUp(BaseTest.java:16)
at com.konga.test.CheckOut.setUp(CheckOut.java:21)
at sun.reflect.NativeMethodAccessorImpl.invoke0(Native Method)
at sun.reflect.NativeMethodAccessorImpl.invoke(NativeMethodAccessorImpl.java:62)
at sun.reflect.DelegatingMethodAccessorImpl.invoke(DelegatingMethodAccessorImpl.java:43)
at java.lang.reflect.Method.invoke(Method.java:498)
at org.testng.internal.MethodInvocationHelper.invokeMethod(MethodInvocationHelper.java:133)
at org.testng.internal.MethodInvocationHelper.invokeMethodConsideringTimeout(MethodInvocationHelper.java:62)
at org.testng.internal.ConfigInvoker.invokeConfigurationMethod(ConfigInvoker.java:340)
at org.testng.internal.ConfigInvoker.invokeConfigurations(ConfigInvoker.java:294)
at org.testng.TestRunner.invokeTestConfigurations(TestRunner.java:623)
at org.testng.TestRunner.beforeRun(TestRunner.java:613)
at org.testng.TestRunner.run(TestRunner.java:584)
at org.testng.SuiteRunner.runTest(SuiteRunner.java:402)
at org.testng.SuiteRunner.runSequentially(SuiteRunner.java:396)
at org.testng.SuiteRunner.privateRun(SuiteRunner.java:355)
at org.testng.SuiteRunner.run(SuiteRunner.java:304)
at org.testng.SuiteRunnerWorker.runSuite(SuiteRunnerWorker.java:53)
at org.testng.SuiteRunnerWorker.run(SuiteRunnerWorker.java:96)
at org.testng.TestNG.runSuitesSequentially(TestNG.java:1180)
at org.testng.TestNG.runSuitesLocally(TestNG.java:1102)
at org.testng.TestNG.runSuites(TestNG.java:1032)
at org.testng.TestNG.run(TestNG.java:1000)
at org.apache.maven.surefire.testng.TestNGExecutor.run(TestNGExecutor.java:283)
at org.apache.maven.surefire.testng.TestNGXmlTestSuite.execute(TestNGXmlTestSuite.java:75)
at org.apache.maven.surefire.testng.TestNGProvider.invoke(TestNGProvider.java:120)
at org.apache.maven.surefire.booter.ForkedBooter.invokeProviderInSameClassLoader(ForkedBooter.java:384)
at org.apache.maven.surefire.booter.ForkedBooter.runSuitesInProcess(ForkedBooter.java:345)
at org.apache.maven.surefire.booter.ForkedBooter.execute(ForkedBooter.java:126)
at org.apache.maven.surefire.booter.ForkedBooter.main(ForkedBooter.java:418)
]]>
            </full-stacktrace>
          </exception> <!-- org.openqa.selenium.SessionNotCreatedException -->
          <reporter-output>
          </reporter-output>
        </test-method> <!-- IncorrectEmail -->
        <test-method status="SKIP" signature="tearDown()[pri:0, instance:com.konga.test.LoginViaEmail@4cf777e8]" name="tearDown" is-config="true" duration-ms="-1577099157183" started-at="2019-12-23T12:05:57 WAT" finished-at="1970-01-01T01:00:00 WAT">
          <reporter-output>
          </reporter-output>
        </test-method> <!-- tearDown -->
        <test-method status="SKIP" signature="login()[pri:0, instance:com.konga.test.LoginViaEmail@4cf777e8]" name="login" duration-ms="0" started-at="2019-12-23T12:05:57 WAT" finished-at="2019-12-23T12:05:57 WAT">
          <exception class="org.openqa.selenium.SessionNotCreatedException">
            <message>
              <![CDATA[session not created: This version of ChromeDriver only supports Chrome version 77
Build info: version: '4.0.0-alpha-2', revision: 'f148142cf8', time: '2019-07-01T20:55:26'
System info: host: 'DESKTOP-9KI2P94', ip: '172.28.10.17', os.name: 'Windows 10', os.arch: 'amd64', os.version: '10.0', java.version: '1.8.0_221'
Driver info: driver.version: ChromeDriver
remote stacktrace: Backtrace:
Ordinal0 [0x00F9EB13+1501971]
Ordinal0 [0x00F1F6D1+980689]
Ordinal0 [0x00EA765F+489055]
Ordinal0 [0x00E3F2F4+62196]
Ordinal0 [0x00E3BCDA+48346]
Ordinal0 [0x00E59800+169984]
Ordinal0 [0x00E5942D+169005]
Ordinal0 [0x00E578EB+162027]
Ordinal0 [0x00E40AC7+68295]
Ordinal0 [0x00E41B40+72512]
Ordinal0 [0x00E41AD9+72409]
Ordinal0 [0x00F38F37+1085239]
GetHandleVerifier [0x0103D7ED+503293]
GetHandleVerifier [0x0103D580+502672]
GetHandleVerifier [0x010446AC+531644]
GetHandleVerifier [0x0103DFFA+505354]
Ordinal0 [0x00F30606+1050118]
Ordinal0 [0x00F3047F+1049727]
Ordinal0 [0x00F3AF9B+1093531]
Ordinal0 [0x00F3B103+1093891]
Ordinal0 [0x00F3A095+1089685]
BaseThreadInitThunk [0x75AF6359+25]
RtlGetAppContainerNamedObjectPath [0x77627B74+228]
RtlGetAppContainerNamedObjectPath [0x77627B44+180]
]]>
            </message>
            <full-stacktrace>
              <![CDATA[org.openqa.selenium.SessionNotCreatedException: session not created: This version of ChromeDriver only supports Chrome version 77
Build info: version: '4.0.0-alpha-2', revision: 'f148142cf8', time: '2019-07-01T20:55:26'
System info: host: 'DESKTOP-9KI2P94', ip: '172.28.10.17', os.name: 'Windows 10', os.arch: 'amd64', os.version: '10.0', java.version: '1.8.0_221'
Driver info: driver.version: ChromeDriver
remote stacktrace: Backtrace:
Ordinal0 [0x00F9EB13+1501971]
Ordinal0 [0x00F1F6D1+980689]
Ordinal0 [0x00EA765F+489055]
Ordinal0 [0x00E3F2F4+62196]
Ordinal0 [0x00E3BCDA+48346]
Ordinal0 [0x00E59800+169984]
Ordinal0 [0x00E5942D+169005]
Ordinal0 [0x00E578EB+162027]
Ordinal0 [0x00E40AC7+68295]
Ordinal0 [0x00E41B40+72512]
Ordinal0 [0x00E41AD9+72409]
Ordinal0 [0x00F38F37+1085239]
GetHandleVerifier [0x0103D7ED+503293]
GetHandleVerifier [0x0103D580+502672]
GetHandleVerifier [0x010446AC+531644]
GetHandleVerifier [0x0103DFFA+505354]
Ordinal0 [0x00F30606+1050118]
Ordinal0 [0x00F3047F+1049727]
Ordinal0 [0x00F3AF9B+1093531]
Ordinal0 [0x00F3B103+1093891]
Ordinal0 [0x00F3A095+1089685]
BaseThreadInitThunk [0x75AF6359+25]
RtlGetAppContainerNamedObjectPath [0x77627B74+228]
RtlGetAppContainerNamedObjectPath [0x77627B44+180]

at sun.reflect.NativeConstructorAccessorImpl.newInstance0(Native Method)
at sun.reflect.NativeConstructorAccessorImpl.newInstance(NativeConstructorAccessorImpl.java:62)
at sun.reflect.DelegatingConstructorAccessorImpl.newInstance(DelegatingConstructorAccessorImpl.java:45)
at java.lang.reflect.Constructor.newInstance(Constructor.java:423)
at org.openqa.selenium.remote.W3CHandshakeResponse.lambda$errorHandler$0(W3CHandshakeResponse.java:62)
at org.openqa.selenium.remote.HandshakeResponse.lambda$getResponseFunction$0(HandshakeResponse.java:30)
at org.openqa.selenium.remote.ProtocolHandshake.lambda$createSession$1(ProtocolHandshake.java:127)
at java.util.stream.ReferencePipeline$3$1.accept(ReferencePipeline.java:193)
at java.util.Spliterators$ArraySpliterator.tryAdvance(Spliterators.java:958)
at java.util.stream.ReferencePipeline.forEachWithCancel(ReferencePipeline.java:126)
at java.util.stream.AbstractPipeline.copyIntoWithCancel(AbstractPipeline.java:499)
at java.util.stream.AbstractPipeline.copyInto(AbstractPipeline.java:486)
at java.util.stream.AbstractPipeline.wrapAndCopyInto(AbstractPipeline.java:472)
at java.util.stream.FindOps$FindOp.evaluateSequential(FindOps.java:152)
at java.util.stream.AbstractPipeline.evaluate(AbstractPipeline.java:234)
at java.util.stream.ReferencePipeline.findFirst(ReferencePipeline.java:464)
at org.openqa.selenium.remote.ProtocolHandshake.createSession(ProtocolHandshake.java:129)
at org.openqa.selenium.remote.ProtocolHandshake.createSession(ProtocolHandshake.java:75)
at org.openqa.selenium.remote.HttpCommandExecutor.execute(HttpCommandExecutor.java:139)
at org.openqa.selenium.remote.service.DriverCommandExecutor.execute(DriverCommandExecutor.java:83)
at org.openqa.selenium.remote.RemoteWebDriver.execute(RemoteWebDriver.java:576)
at org.openqa.selenium.remote.RemoteWebDriver.startSession(RemoteWebDriver.java:210)
at org.openqa.selenium.remote.RemoteWebDriver.<init>(RemoteWebDriver.java:130)
at org.openqa.selenium.chromium.ChromiumDriver.<init>(ChromiumDriver.java:73)
at org.openqa.selenium.chrome.ChromeDriver.<init>(ChromeDriver.java:163)
at org.openqa.selenium.chrome.ChromeDriver.<init>(ChromeDriver.java:150)
at org.openqa.selenium.chrome.ChromeDriver.<init>(ChromeDriver.java:105)
at com.konga.test.TestBase.BaseTest.setUp(BaseTest.java:16)
at com.konga.test.CheckOut.setUp(CheckOut.java:21)
at sun.reflect.NativeMethodAccessorImpl.invoke0(Native Method)
at sun.reflect.NativeMethodAccessorImpl.invoke(NativeMethodAccessorImpl.java:62)
at sun.reflect.DelegatingMethodAccessorImpl.invoke(DelegatingMethodAccessorImpl.java:43)
at java.lang.reflect.Method.invoke(Method.java:498)
at org.testng.internal.MethodInvocationHelper.invokeMethod(MethodInvocationHelper.java:133)
at org.testng.internal.MethodInvocationHelper.invokeMethodConsideringTimeout(MethodInvocationHelper.java:62)
at org.testng.internal.ConfigInvoker.invokeConfigurationMethod(ConfigInvoker.java:340)
at org.testng.internal.ConfigInvoker.invokeConfigurations(ConfigInvoker.java:294)
at org.testng.TestRunner.invokeTestConfigurations(TestRunner.java:623)
at org.testng.TestRunner.beforeRun(TestRunner.java:613)
at org.testng.TestRunner.run(TestRunner.java:584)
at org.testng.SuiteRunner.runTest(SuiteRunner.java:402)
at org.testng.SuiteRunner.runSequentially(SuiteRunner.java:396)
at org.testng.SuiteRunner.privateRun(SuiteRunner.java:355)
at org.testng.SuiteRunner.run(SuiteRunner.java:304)
at org.testng.SuiteRunnerWorker.runSuite(SuiteRunnerWorker.java:53)
at org.testng.SuiteRunnerWorker.run(SuiteRunnerWorker.java:96)
at org.testng.TestNG.runSuitesSequentially(TestNG.java:1180)
at org.testng.TestNG.runSuitesLocally(TestNG.java:1102)
at org.testng.TestNG.runSuites(TestNG.java:1032)
at org.testng.TestNG.run(TestNG.java:1000)
at org.apache.maven.surefire.testng.TestNGExecutor.run(TestNGExecutor.java:283)
at org.apache.maven.surefire.testng.TestNGXmlTestSuite.execute(TestNGXmlTestSuite.java:75)
at org.apache.maven.surefire.testng.TestNGProvider.invoke(TestNGProvider.java:120)
at org.apache.maven.surefire.booter.ForkedBooter.invokeProviderInSameClassLoader(ForkedBooter.java:384)
at org.apache.maven.surefire.booter.ForkedBooter.runSuitesInProcess(ForkedBooter.java:345)
at org.apache.maven.surefire.booter.ForkedBooter.execute(ForkedBooter.java:126)
at org.apache.maven.surefire.booter.ForkedBooter.main(ForkedBooter.java:418)
]]>
            </full-stacktrace>
          </exception> <!-- org.openqa.selenium.SessionNotCreatedException -->
          <reporter-output>
          </reporter-output>
        </test-method> <!-- login -->
      </class> <!-- com.konga.test.LoginViaEmail -->
      <class name="com.konga.test.CheckOut">
        <test-method status="FAIL" signature="setUp()[pri:0, instance:com.konga.test.CheckOut@402a079c]" name="setUp" is-config="true" duration-ms="6003" started-at="2019-12-23T12:05:51 WAT" finished-at="2019-12-23T12:05:57 WAT">
          <exception class="org.openqa.selenium.SessionNotCreatedException">
            <message>
              <![CDATA[session not created: This version of ChromeDriver only supports Chrome version 77
Build info: version: '4.0.0-alpha-2', revision: 'f148142cf8', time: '2019-07-01T20:55:26'
System info: host: 'DESKTOP-9KI2P94', ip: '172.28.10.17', os.name: 'Windows 10', os.arch: 'amd64', os.version: '10.0', java.version: '1.8.0_221'
Driver info: driver.version: ChromeDriver
remote stacktrace: Backtrace:
Ordinal0 [0x00F9EB13+1501971]
Ordinal0 [0x00F1F6D1+980689]
Ordinal0 [0x00EA765F+489055]
Ordinal0 [0x00E3F2F4+62196]
Ordinal0 [0x00E3BCDA+48346]
Ordinal0 [0x00E59800+169984]
Ordinal0 [0x00E5942D+169005]
Ordinal0 [0x00E578EB+162027]
Ordinal0 [0x00E40AC7+68295]
Ordinal0 [0x00E41B40+72512]
Ordinal0 [0x00E41AD9+72409]
Ordinal0 [0x00F38F37+1085239]
GetHandleVerifier [0x0103D7ED+503293]
GetHandleVerifier [0x0103D580+502672]
GetHandleVerifier [0x010446AC+531644]
GetHandleVerifier [0x0103DFFA+505354]
Ordinal0 [0x00F30606+1050118]
Ordinal0 [0x00F3047F+1049727]
Ordinal0 [0x00F3AF9B+1093531]
Ordinal0 [0x00F3B103+1093891]
Ordinal0 [0x00F3A095+1089685]
BaseThreadInitThunk [0x75AF6359+25]
RtlGetAppContainerNamedObjectPath [0x77627B74+228]
RtlGetAppContainerNamedObjectPath [0x77627B44+180]
]]>
            </message>
            <full-stacktrace>
              <![CDATA[org.openqa.selenium.SessionNotCreatedException: session not created: This version of ChromeDriver only supports Chrome version 77
Build info: version: '4.0.0-alpha-2', revision: 'f148142cf8', time: '2019-07-01T20:55:26'
System info: host: 'DESKTOP-9KI2P94', ip: '172.28.10.17', os.name: 'Windows 10', os.arch: 'amd64', os.version: '10.0', java.version: '1.8.0_221'
Driver info: driver.version: ChromeDriver
remote stacktrace: Backtrace:
Ordinal0 [0x00F9EB13+1501971]
Ordinal0 [0x00F1F6D1+980689]
Ordinal0 [0x00EA765F+489055]
Ordinal0 [0x00E3F2F4+62196]
Ordinal0 [0x00E3BCDA+48346]
Ordinal0 [0x00E59800+169984]
Ordinal0 [0x00E5942D+169005]
Ordinal0 [0x00E578EB+162027]
Ordinal0 [0x00E40AC7+68295]
Ordinal0 [0x00E41B40+72512]
Ordinal0 [0x00E41AD9+72409]
Ordinal0 [0x00F38F37+1085239]
GetHandleVerifier [0x0103D7ED+503293]
GetHandleVerifier [0x0103D580+502672]
GetHandleVerifier [0x010446AC+531644]
GetHandleVerifier [0x0103DFFA+505354]
Ordinal0 [0x00F30606+1050118]
Ordinal0 [0x00F3047F+1049727]
Ordinal0 [0x00F3AF9B+1093531]
Ordinal0 [0x00F3B103+1093891]
Ordinal0 [0x00F3A095+1089685]
BaseThreadInitThunk [0x75AF6359+25]
RtlGetAppContainerNamedObjectPath [0x77627B74+228]
RtlGetAppContainerNamedObjectPath [0x77627B44+180]

at sun.reflect.NativeConstructorAccessorImpl.newInstance0(Native Method)
at sun.reflect.NativeConstructorAccessorImpl.newInstance(NativeConstructorAccessorImpl.java:62)
at sun.reflect.DelegatingConstructorAccessorImpl.newInstance(DelegatingConstructorAccessorImpl.java:45)
at java.lang.reflect.Constructor.newInstance(Constructor.java:423)
at org.openqa.selenium.remote.W3CHandshakeResponse.lambda$errorHandler$0(W3CHandshakeResponse.java:62)
at org.openqa.selenium.remote.HandshakeResponse.lambda$getResponseFunction$0(HandshakeResponse.java:30)
at org.openqa.selenium.remote.ProtocolHandshake.lambda$createSession$1(ProtocolHandshake.java:127)
at java.util.stream.ReferencePipeline$3$1.accept(ReferencePipeline.java:193)
at java.util.Spliterators$ArraySpliterator.tryAdvance(Spliterators.java:958)
at java.util.stream.ReferencePipeline.forEachWithCancel(ReferencePipeline.java:126)
at java.util.stream.AbstractPipeline.copyIntoWithCancel(AbstractPipeline.java:499)
at java.util.stream.AbstractPipeline.copyInto(AbstractPipeline.java:486)
at java.util.stream.AbstractPipeline.wrapAndCopyInto(AbstractPipeline.java:472)
at java.util.stream.FindOps$FindOp.evaluateSequential(FindOps.java:152)
at java.util.stream.AbstractPipeline.evaluate(AbstractPipeline.java:234)
at java.util.stream.ReferencePipeline.findFirst(ReferencePipeline.java:464)
at org.openqa.selenium.remote.ProtocolHandshake.createSession(ProtocolHandshake.java:129)
at org.openqa.selenium.remote.ProtocolHandshake.createSession(ProtocolHandshake.java:75)
at org.openqa.selenium.remote.HttpCommandExecutor.execute(HttpCommandExecutor.java:139)
at org.openqa.selenium.remote.service.DriverCommandExecutor.execute(DriverCommandExecutor.java:83)
at org.openqa.selenium.remote.RemoteWebDriver.execute(RemoteWebDriver.java:576)
at org.openqa.selenium.remote.RemoteWebDriver.startSession(RemoteWebDriver.java:210)
at org.openqa.selenium.remote.RemoteWebDriver.<init>(RemoteWebDriver.java:130)
at org.openqa.selenium.chromium.ChromiumDriver.<init>(ChromiumDriver.java:73)
at org.openqa.selenium.chrome.ChromeDriver.<init>(ChromeDriver.java:163)
at org.openqa.selenium.chrome.ChromeDriver.<init>(ChromeDriver.java:150)
at org.openqa.selenium.chrome.ChromeDriver.<init>(ChromeDriver.java:105)
at com.konga.test.TestBase.BaseTest.setUp(BaseTest.java:16)
at com.konga.test.CheckOut.setUp(CheckOut.java:21)
at sun.reflect.NativeMethodAccessorImpl.invoke0(Native Method)
at sun.reflect.NativeMethodAccessorImpl.invoke(NativeMethodAccessorImpl.java:62)
at sun.reflect.DelegatingMethodAccessorImpl.invoke(DelegatingMethodAccessorImpl.java:43)
at java.lang.reflect.Method.invoke(Method.java:498)
at org.testng.internal.MethodInvocationHelper.invokeMethod(MethodInvocationHelper.java:133)
at org.testng.internal.MethodInvocationHelper.invokeMethodConsideringTimeout(MethodInvocationHelper.java:62)
at org.testng.internal.ConfigInvoker.invokeConfigurationMethod(ConfigInvoker.java:340)
at org.testng.internal.ConfigInvoker.invokeConfigurations(ConfigInvoker.java:294)
at org.testng.TestRunner.invokeTestConfigurations(TestRunner.java:623)
at org.testng.TestRunner.beforeRun(TestRunner.java:613)
at org.testng.TestRunner.run(TestRunner.java:584)
at org.testng.SuiteRunner.runTest(SuiteRunner.java:402)
at org.testng.SuiteRunner.runSequentially(SuiteRunner.java:396)
at org.testng.SuiteRunner.privateRun(SuiteRunner.java:355)
at org.testng.SuiteRunner.run(SuiteRunner.java:304)
at org.testng.SuiteRunnerWorker.runSuite(SuiteRunnerWorker.java:53)
at org.testng.SuiteRunnerWorker.run(SuiteRunnerWorker.java:96)
at org.testng.TestNG.runSuitesSequentially(TestNG.java:1180)
at org.testng.TestNG.runSuitesLocally(TestNG.java:1102)
at org.testng.TestNG.runSuites(TestNG.java:1032)
at org.testng.TestNG.run(TestNG.java:1000)
at org.apache.maven.surefire.testng.TestNGExecutor.run(TestNGExecutor.java:283)
at org.apache.maven.surefire.testng.TestNGXmlTestSuite.execute(TestNGXmlTestSuite.java:75)
at org.apache.maven.surefire.testng.TestNGProvider.invoke(TestNGProvider.java:120)
at org.apache.maven.surefire.booter.ForkedBooter.invokeProviderInSameClassLoader(ForkedBooter.java:384)
at org.apache.maven.surefire.booter.ForkedBooter.runSuitesInProcess(ForkedBooter.java:345)
at org.apache.maven.surefire.booter.ForkedBooter.execute(ForkedBooter.java:126)
at org.apache.maven.surefire.booter.ForkedBooter.main(ForkedBooter.java:418)
]]>
            </full-stacktrace>
          </exception> <!-- org.openqa.selenium.SessionNotCreatedException -->
          <reporter-output>
          </reporter-output>
        </test-method> <!-- setUp -->
        <test-method status="SKIP" signature="setUpClass()[pri:0, instance:com.konga.test.CheckOut@402a079c]" name="setUpClass" is-config="true" duration-ms="-1577099157145" started-at="2019-12-23T12:05:57 WAT" finished-at="1970-01-01T01:00:00 WAT">
          <reporter-output>
          </reporter-output>
        </test-method> <!-- setUpClass -->
        <test-method status="SKIP" signature="checkout()[pri:0, instance:com.konga.test.CheckOut@402a079c]" name="checkout" duration-ms="0" started-at="2019-12-23T12:05:57 WAT" finished-at="2019-12-23T12:05:57 WAT">
          <exception class="org.openqa.selenium.SessionNotCreatedException">
            <message>
              <![CDATA[session not created: This version of ChromeDriver only supports Chrome version 77
Build info: version: '4.0.0-alpha-2', revision: 'f148142cf8', time: '2019-07-01T20:55:26'
System info: host: 'DESKTOP-9KI2P94', ip: '172.28.10.17', os.name: 'Windows 10', os.arch: 'amd64', os.version: '10.0', java.version: '1.8.0_221'
Driver info: driver.version: ChromeDriver
remote stacktrace: Backtrace:
Ordinal0 [0x00F9EB13+1501971]
Ordinal0 [0x00F1F6D1+980689]
Ordinal0 [0x00EA765F+489055]
Ordinal0 [0x00E3F2F4+62196]
Ordinal0 [0x00E3BCDA+48346]
Ordinal0 [0x00E59800+169984]
Ordinal0 [0x00E5942D+169005]
Ordinal0 [0x00E578EB+162027]
Ordinal0 [0x00E40AC7+68295]
Ordinal0 [0x00E41B40+72512]
Ordinal0 [0x00E41AD9+72409]
Ordinal0 [0x00F38F37+1085239]
GetHandleVerifier [0x0103D7ED+503293]
GetHandleVerifier [0x0103D580+502672]
GetHandleVerifier [0x010446AC+531644]
GetHandleVerifier [0x0103DFFA+505354]
Ordinal0 [0x00F30606+1050118]
Ordinal0 [0x00F3047F+1049727]
Ordinal0 [0x00F3AF9B+1093531]
Ordinal0 [0x00F3B103+1093891]
Ordinal0 [0x00F3A095+1089685]
BaseThreadInitThunk [0x75AF6359+25]
RtlGetAppContainerNamedObjectPath [0x77627B74+228]
RtlGetAppContainerNamedObjectPath [0x77627B44+180]
]]>
            </message>
            <full-stacktrace>
              <![CDATA[org.openqa.selenium.SessionNotCreatedException: session not created: This version of ChromeDriver only supports Chrome version 77
Build info: version: '4.0.0-alpha-2', revision: 'f148142cf8', time: '2019-07-01T20:55:26'
System info: host: 'DESKTOP-9KI2P94', ip: '172.28.10.17', os.name: 'Windows 10', os.arch: 'amd64', os.version: '10.0', java.version: '1.8.0_221'
Driver info: driver.version: ChromeDriver
remote stacktrace: Backtrace:
Ordinal0 [0x00F9EB13+1501971]
Ordinal0 [0x00F1F6D1+980689]
Ordinal0 [0x00EA765F+489055]
Ordinal0 [0x00E3F2F4+62196]
Ordinal0 [0x00E3BCDA+48346]
Ordinal0 [0x00E59800+169984]
Ordinal0 [0x00E5942D+169005]
Ordinal0 [0x00E578EB+162027]
Ordinal0 [0x00E40AC7+68295]
Ordinal0 [0x00E41B40+72512]
Ordinal0 [0x00E41AD9+72409]
Ordinal0 [0x00F38F37+1085239]
GetHandleVerifier [0x0103D7ED+503293]
GetHandleVerifier [0x0103D580+502672]
GetHandleVerifier [0x010446AC+531644]
GetHandleVerifier [0x0103DFFA+505354]
Ordinal0 [0x00F30606+1050118]
Ordinal0 [0x00F3047F+1049727]
Ordinal0 [0x00F3AF9B+1093531]
Ordinal0 [0x00F3B103+1093891]
Ordinal0 [0x00F3A095+1089685]
BaseThreadInitThunk [0x75AF6359+25]
RtlGetAppContainerNamedObjectPath [0x77627B74+228]
RtlGetAppContainerNamedObjectPath [0x77627B44+180]

at sun.reflect.NativeConstructorAccessorImpl.newInstance0(Native Method)
at sun.reflect.NativeConstructorAccessorImpl.newInstance(NativeConstructorAccessorImpl.java:62)
at sun.reflect.DelegatingConstructorAccessorImpl.newInstance(DelegatingConstructorAccessorImpl.java:45)
at java.lang.reflect.Constructor.newInstance(Constructor.java:423)
at org.openqa.selenium.remote.W3CHandshakeResponse.lambda$errorHandler$0(W3CHandshakeResponse.java:62)
at org.openqa.selenium.remote.HandshakeResponse.lambda$getResponseFunction$0(HandshakeResponse.java:30)
at org.openqa.selenium.remote.ProtocolHandshake.lambda$createSession$1(ProtocolHandshake.java:127)
at java.util.stream.ReferencePipeline$3$1.accept(ReferencePipeline.java:193)
at java.util.Spliterators$ArraySpliterator.tryAdvance(Spliterators.java:958)
at java.util.stream.ReferencePipeline.forEachWithCancel(ReferencePipeline.java:126)
at java.util.stream.AbstractPipeline.copyIntoWithCancel(AbstractPipeline.java:499)
at java.util.stream.AbstractPipeline.copyInto(AbstractPipeline.java:486)
at java.util.stream.AbstractPipeline.wrapAndCopyInto(AbstractPipeline.java:472)
at java.util.stream.FindOps$FindOp.evaluateSequential(FindOps.java:152)
at java.util.stream.AbstractPipeline.evaluate(AbstractPipeline.java:234)
at java.util.stream.ReferencePipeline.findFirst(ReferencePipeline.java:464)
at org.openqa.selenium.remote.ProtocolHandshake.createSession(ProtocolHandshake.java:129)
at org.openqa.selenium.remote.ProtocolHandshake.createSession(ProtocolHandshake.java:75)
at org.openqa.selenium.remote.HttpCommandExecutor.execute(HttpCommandExecutor.java:139)
at org.openqa.selenium.remote.service.DriverCommandExecutor.execute(DriverCommandExecutor.java:83)
at org.openqa.selenium.remote.RemoteWebDriver.execute(RemoteWebDriver.java:576)
at org.openqa.selenium.remote.RemoteWebDriver.startSession(RemoteWebDriver.java:210)
at org.openqa.selenium.remote.RemoteWebDriver.<init>(RemoteWebDriver.java:130)
at org.openqa.selenium.chromium.ChromiumDriver.<init>(ChromiumDriver.java:73)
at org.openqa.selenium.chrome.ChromeDriver.<init>(ChromeDriver.java:163)
at org.openqa.selenium.chrome.ChromeDriver.<init>(ChromeDriver.java:150)
at org.openqa.selenium.chrome.ChromeDriver.<init>(ChromeDriver.java:105)
at com.konga.test.TestBase.BaseTest.setUp(BaseTest.java:16)
at com.konga.test.CheckOut.setUp(CheckOut.java:21)
at sun.reflect.NativeMethodAccessorImpl.invoke0(Native Method)
at sun.reflect.NativeMethodAccessorImpl.invoke(NativeMethodAccessorImpl.java:62)
at sun.reflect.DelegatingMethodAccessorImpl.invoke(DelegatingMethodAccessorImpl.java:43)
at java.lang.reflect.Method.invoke(Method.java:498)
at org.testng.internal.MethodInvocationHelper.invokeMethod(MethodInvocationHelper.java:133)
at org.testng.internal.MethodInvocationHelper.invokeMethodConsideringTimeout(MethodInvocationHelper.java:62)
at org.testng.internal.ConfigInvoker.invokeConfigurationMethod(ConfigInvoker.java:340)
at org.testng.internal.ConfigInvoker.invokeConfigurations(ConfigInvoker.java:294)
at org.testng.TestRunner.invokeTestConfigurations(TestRunner.java:623)
at org.testng.TestRunner.beforeRun(TestRunner.java:613)
at org.testng.TestRunner.run(TestRunner.java:584)
at org.testng.SuiteRunner.runTest(SuiteRunner.java:402)
at org.testng.SuiteRunner.runSequentially(SuiteRunner.java:396)
at org.testng.SuiteRunner.privateRun(SuiteRunner.java:355)
at org.testng.SuiteRunner.run(SuiteRunner.java:304)
at org.testng.SuiteRunnerWorker.runSuite(SuiteRunnerWorker.java:53)
at org.testng.SuiteRunnerWorker.run(SuiteRunnerWorker.java:96)
at org.testng.TestNG.runSuitesSequentially(TestNG.java:1180)
at org.testng.TestNG.runSuitesLocally(TestNG.java:1102)
at org.testng.TestNG.runSuites(TestNG.java:1032)
at org.testng.TestNG.run(TestNG.java:1000)
at org.apache.maven.surefire.testng.TestNGExecutor.run(TestNGExecutor.java:283)
at org.apache.maven.surefire.testng.TestNGXmlTestSuite.execute(TestNGXmlTestSuite.java:75)
at org.apache.maven.surefire.testng.TestNGProvider.invoke(TestNGProvider.java:120)
at org.apache.maven.surefire.booter.ForkedBooter.invokeProviderInSameClassLoader(ForkedBooter.java:384)
at org.apache.maven.surefire.booter.ForkedBooter.runSuitesInProcess(ForkedBooter.java:345)
at org.apache.maven.surefire.booter.ForkedBooter.execute(ForkedBooter.java:126)
at org.apache.maven.surefire.booter.ForkedBooter.main(ForkedBooter.java:418)
]]>
            </full-stacktrace>
          </exception> <!-- org.openqa.selenium.SessionNotCreatedException -->
          <reporter-output>
          </reporter-output>
        </test-method> <!-- checkout -->
        <test-method status="SKIP" signature="tearDownClass()[pri:0, instance:com.konga.test.CheckOut@402a079c]" name="tearDownClass" is-config="true" duration-ms="-1577099157181" started-at="2019-12-23T12:05:57 WAT" finished-at="1970-01-01T01:00:00 WAT">
          <reporter-output>
          </reporter-output>
        </test-method> <!-- tearDownClass -->
        <test-method status="SKIP" signature="tearDown()[pri:0, instance:com.konga.test.CheckOut@402a079c]" name="tearDown" is-config="true" duration-ms="-1577099157191" started-at="2019-12-23T12:05:57 WAT" finished-at="1970-01-01T01:00:00 WAT">
          <reporter-output>
          </reporter-output>
        </test-method> <!-- tearDown -->
      </class> <!-- com.konga.test.CheckOut -->
    </test> <!-- Login Test -->
  </suite> <!-- KTest -->
</testng-results>
