<?xml version="1.0" encoding="UTF-8"?>
<!-- Generated by org.testng.reporters.JUnitXMLReporter -->
<testsuite hostname="DESKTOP-9KI2P94" ignored="0" name="Login Test" tests="4" failures="0" timestamp="2019-12-23T12:05:57 WAT" time="6.15" errors="0">
  <testcase name="@BeforeTest setUp" time="6.003" classname="com.konga.test.CheckOut">
    <failure type="org.openqa.selenium.SessionNotCreatedException" message="session not created: This version of ChromeDriver only supports Chrome version 77
Build info: version: &amp;apos;4.0.0-alpha-2&amp;apos;, revision: &amp;apos;f148142cf8&amp;apos;, time: &amp;apos;2019-07-01T20:55:26&amp;apos;
System info: host: &amp;apos;DESKTOP-9KI2P94&amp;apos;, ip: &amp;apos;172.28.10.17&amp;apos;, os.name: &amp;apos;Windows 10&amp;apos;, os.arch: &amp;apos;amd64&amp;apos;, os.version: &amp;apos;10.0&amp;apos;, java.version: &amp;apos;1.8.0_221&amp;apos;
Driver info: driver.version: ChromeDriver
remote stacktrace: Backtrace:
	Ordinal0 [0x00F9EB13+1501971]
	Ordinal0 [0x00F1F6D1+980689]
	Ordinal0 [0x00EA765F+489055]
	Ordinal0 [0x00E3F2F4+62196]
	Ordinal0 [0x00E3BCDA+48346]
	Ordinal0 [0x00E59800+169984]
	Ordinal0 [0x00E5942D+169005]
	Ordinal0 [0x00E578EB+162027]
	Ordinal0 [0x00E40AC7+68295]
	Ordinal0 [0x00E41B40+72512]
	Ordinal0 [0x00E41AD9+72409]
	Ordinal0 [0x00F38F37+1085239]
	GetHandleVerifier [0x0103D7ED+503293]
	GetHandleVerifier [0x0103D580+502672]
	GetHandleVerifier [0x010446AC+531644]
	GetHandleVerifier [0x0103DFFA+505354]
	Ordinal0 [0x00F30606+1050118]
	Ordinal0 [0x00F3047F+1049727]
	Ordinal0 [0x00F3AF9B+1093531]
	Ordinal0 [0x00F3B103+1093891]
	Ordinal0 [0x00F3A095+1089685]
	BaseThreadInitThunk [0x75AF6359+25]
	RtlGetAppContainerNamedObjectPath [0x77627B74+228]
	RtlGetAppContainerNamedObjectPath [0x77627B44+180]
">
      <![CDATA[org.openqa.selenium.SessionNotCreatedException: session not created: This version of ChromeDriver only supports Chrome version 77
Build info: version: '4.0.0-alpha-2', revision: 'f148142cf8', time: '2019-07-01T20:55:26'
System info: host: 'DESKTOP-9KI2P94', ip: '172.28.10.17', os.name: 'Windows 10', os.arch: 'amd64', os.version: '10.0', java.version: '1.8.0_221'
Driver info: driver.version: ChromeDriver
remote stacktrace: Backtrace:
Ordinal0 [0x00F9EB13+1501971]
Ordinal0 [0x00F1F6D1+980689]
Ordinal0 [0x00EA765F+489055]
Ordinal0 [0x00E3F2F4+62196]
Ordinal0 [0x00E3BCDA+48346]
Ordinal0 [0x00E59800+169984]
Ordinal0 [0x00E5942D+169005]
Ordinal0 [0x00E578EB+162027]
Ordinal0 [0x00E40AC7+68295]
Ordinal0 [0x00E41B40+72512]
Ordinal0 [0x00E41AD9+72409]
Ordinal0 [0x00F38F37+1085239]
GetHandleVerifier [0x0103D7ED+503293]
GetHandleVerifier [0x0103D580+502672]
GetHandleVerifier [0x010446AC+531644]
GetHandleVerifier [0x0103DFFA+505354]
Ordinal0 [0x00F30606+1050118]
Ordinal0 [0x00F3047F+1049727]
Ordinal0 [0x00F3AF9B+1093531]
Ordinal0 [0x00F3B103+1093891]
Ordinal0 [0x00F3A095+1089685]
BaseThreadInitThunk [0x75AF6359+25]
RtlGetAppContainerNamedObjectPath [0x77627B74+228]
RtlGetAppContainerNamedObjectPath [0x77627B44+180]

at org.openqa.selenium.remote.W3CHandshakeResponse.lambda$errorHandler$0(W3CHandshakeResponse.java:62)
at org.openqa.selenium.remote.HandshakeResponse.lambda$getResponseFunction$0(HandshakeResponse.java:30)
at org.openqa.selenium.remote.ProtocolHandshake.lambda$createSession$1(ProtocolHandshake.java:127)
at java.util.stream.ReferencePipeline$3$1.accept(ReferencePipeline.java:193)
at java.util.Spliterators$ArraySpliterator.tryAdvance(Spliterators.java:958)
at java.util.stream.ReferencePipeline.forEachWithCancel(ReferencePipeline.java:126)
at java.util.stream.AbstractPipeline.copyIntoWithCancel(AbstractPipeline.java:499)
at java.util.stream.AbstractPipeline.copyInto(AbstractPipeline.java:486)
at java.util.stream.AbstractPipeline.wrapAndCopyInto(AbstractPipeline.java:472)
at java.util.stream.FindOps$FindOp.evaluateSequential(FindOps.java:152)
at java.util.stream.AbstractPipeline.evaluate(AbstractPipeline.java:234)
at java.util.stream.ReferencePipeline.findFirst(ReferencePipeline.java:464)
at org.openqa.selenium.remote.ProtocolHandshake.createSession(ProtocolHandshake.java:129)
at org.openqa.selenium.remote.ProtocolHandshake.createSession(ProtocolHandshake.java:75)
at org.openqa.selenium.remote.HttpCommandExecutor.execute(HttpCommandExecutor.java:139)
at org.openqa.selenium.remote.service.DriverCommandExecutor.execute(DriverCommandExecutor.java:83)
at org.openqa.selenium.remote.RemoteWebDriver.execute(RemoteWebDriver.java:576)
at org.openqa.selenium.remote.RemoteWebDriver.startSession(RemoteWebDriver.java:210)
at org.openqa.selenium.remote.RemoteWebDriver.<init>(RemoteWebDriver.java:130)
at org.openqa.selenium.chromium.ChromiumDriver.<init>(ChromiumDriver.java:73)
at org.openqa.selenium.chrome.ChromeDriver.<init>(ChromeDriver.java:163)
at org.openqa.selenium.chrome.ChromeDriver.<init>(ChromeDriver.java:150)
at org.openqa.selenium.chrome.ChromeDriver.<init>(ChromeDriver.java:105)
at com.konga.test.TestBase.BaseTest.setUp(BaseTest.java:16)
at com.konga.test.CheckOut.setUp(CheckOut.java:21)
... Removed 32 stack frames]]>
    </failure>
  </testcase> <!-- @BeforeTest setUp -->
  <testcase name="@BeforeTest setUp" time="-1.577099157107E9" classname="com.konga.test.SearchTest">
    <skipped/>
  </testcase> <!-- @BeforeTest setUp -->
  <testcase name="@BeforeClass setUpClass" time="-1.577099157145E9" classname="com.konga.test.CheckOut">
    <skipped/>
  </testcase> <!-- @BeforeClass setUpClass -->
  <testcase name="@AfterClass tearDownClass" time="-1.577099157181E9" classname="com.konga.test.CheckOut">
    <skipped/>
  </testcase> <!-- @AfterClass tearDownClass -->
  <testcase name="@BeforeClass setup" time="-1.577099157182E9" classname="com.konga.test.LoginViaEmail">
    <skipped/>
  </testcase> <!-- @BeforeClass setup -->
  <testcase name="@AfterClass tearDown" time="-1.577099157183E9" classname="com.konga.test.LoginViaEmail">
    <skipped/>
  </testcase> <!-- @AfterClass tearDown -->
  <testcase name="@AfterTest tearDown" time="-1.577099157191E9" classname="com.konga.test.CheckOut">
    <skipped/>
  </testcase> <!-- @AfterTest tearDown -->
  <testcase name="@AfterTest tearDown" time="-1.577099157192E9" classname="com.konga.test.SearchTest">
    <skipped/>
  </testcase> <!-- @AfterTest tearDown -->
  <testcase name="checkout" time="0.0" classname="com.konga.test.CheckOut">
    <skipped/>
  </testcase> <!-- checkout -->
  <testcase name="IncorrectEmail" time="0.0" classname="com.konga.test.LoginViaEmail">
    <skipped/>
  </testcase> <!-- IncorrectEmail -->
  <testcase name="login" time="0.0" classname="com.konga.test.LoginViaEmail">
    <skipped/>
  </testcase> <!-- login -->
  <testcase name="search" time="0.0" classname="com.konga.test.SearchTest">
    <skipped/>
  </testcase> <!-- search -->
</testsuite> <!-- Login Test -->
